[debug] [2026-06-22T19:07:36.258Z] ----------------------------------------------------------------------
[debug] [2026-06-22T19:07:36.263Z] Command:       /usr/local/bin/node /usr/local/bin/firebase login --reauth
[debug] [2026-06-22T19:07:36.263Z] CLI Version:   15.22.0
[debug] [2026-06-22T19:07:36.263Z] Platform:      darwin
[debug] [2026-06-22T19:07:36.263Z] Node Version:  v24.17.0
[debug] [2026-06-22T19:07:36.263Z] Detected Agent: unknown
[debug] [2026-06-22T19:07:36.263Z] Time:          Mon Jun 22 2026 12:07:36 GMT-0700 (Pacific Daylight Time)
[debug] [2026-06-22T19:07:36.263Z] ----------------------------------------------------------------------
[debug] 
[info] 
[info] Visit this URL on this device to log in:
[info] https://accounts.google.com/o/oauth2/auth?client_id=563584335869-fgrhgmd47bqnekij5i8b5pr03ho849e6.apps.googleusercontent.com&scope=email%20openid%20https%3A%2F%2Fwww.googleapis.com%2Fauth%2Fcloudplatformprojects.readonly%20https%3A%2F%2Fwww.googleapis.com%2Fauth%2Ffirebase%20https%3A%2F%2Fwww.googleapis.com%2Fauth%2Fcloud-platform&response_type=code&state=1005713641&redirect_uri=http%3A%2F%2Flocalhost%3A9005
[info] 
[info] Waiting for authentication...
[debug] [2026-06-22T19:07:54.919Z] >>> [apiv2][query] POST https://accounts.google.com/o/oauth2/token [none]
[debug] [2026-06-22T19:07:54.924Z] >>> [apiv2][body] POST https://accounts.google.com/o/oauth2/token [omitted]
[debug] [2026-06-22T19:07:55.614Z] Token Fetch Error: FirebaseError: FetchError: Invalid response body while trying to fetch https://accounts.google.com/o/oauth2/token: Premature close
    at RetryOperation._fn (/usr/local/lib/node_modules/firebase-tools/lib/apiv2.js:317:88)
    at process.processTicksAndRejections (node:internal/process/task_queues:104:5)
[error] Authentication Error: Your credentials are no longer valid. Please run firebase login --reauth

For CI servers and headless environments, generate a new token with firebase login:ci
[debug] [2026-06-22T19:07:55.623Z] >>> [apiv2][query] POST https://auth.firebase.tools/attest [none]
[debug] [2026-06-22T19:07:55.623Z] >>> [apiv2][body] POST https://auth.firebase.tools/attest {"session_id":"e1cc86d6-a351-44e0-a2ef-6599eb805f68"}
[debug] [2026-06-22T19:07:56.160Z] <<< [apiv2][status] POST https://auth.firebase.tools/attest 200
[debug] [2026-06-22T19:07:56.160Z] <<< [apiv2][body] POST https://auth.firebase.tools/attest {"token":"OOLakto_9cfHRUN7Fi4Zve38MP2OJUFFs7MiMYfYEsc"}
[info] 
[info] To sign in to the Firebase CLI:
[info] 
[info] 1. Take note of your session ID:
[info] 
[info]    E1CC8
[info] 
[info] 2. Visit the URL below on any device and follow the instructions to get your code:
[info] 
[info]    https://auth.firebase.tools/login?code_challenge=ZrMXq5iCIWJQnLwU_SjGd_UPCeXHtJUoX20luNoAQdI&session=e1cc86d6-a351-44e0-a2ef-6599eb805f68&attest=OOLakto_9cfHRUN7Fi4Zve38MP2OJUFFs7MiMYfYEsc
[info] 
[info] 3. Paste or enter the authorization code below once you have it:
[info] 
